[debug] ----------------------------------------------------------------------
[debug] Command:      /usr/local/bin/node /usr/local/bin/firebase serve
[debug] CLI Version:  3.5.0
[debug] Platform:     darwin
[debug] Node Version: v6.10.2
[debug] Time:         Wed Apr 05 2017 11:37:24 GMT-0600 (MDT)
[debug] ----------------------------------------------------------------------
[debug] 
[info] Starting Firebase development server...
[info] 
[info] Project Directory: /Users/jamesweist/Documents/GAJavaScriptCircuit/Unit_10/friendlychat-master/web-start
[info] Public Directory: ./
[info] 
[info] Server listening at: http://localhost:5000
[debug] ----------------------------------------------------------------------
[debug] Command:      /usr/local/bin/node /usr/local/bin/firebase serve
[debug] CLI Version:  3.5.0
[debug] Platform:     darwin
[debug] Node Version: v6.10.2
[debug] Time:         Wed Apr 05 2017 11:45:24 GMT-0600 (MDT)
[debug] ----------------------------------------------------------------------
[debug] 
[info] Starting Firebase development server...
[info] 
[info] Project Directory: /Users/jamesweist/Documents/GAJavaScriptCircuit/Unit_10/friendlychat-master/web-start
[info] Public Directory: ./
[info] 
[info] Server listening at: http://localhost:5000
